<?xml version="1.0" encoding="UTF-8"?>
<!-- Generated by org.testng.reporters.JUnitReportReporter -->
<testsuite hostname="BMH1108522" failures="0" tests="1" name="testRunner.TestRunner" time="9.497" errors="0" timestamp="2019-09-06T12:17:04 IST" skipped="0">
  <testcase classname="testRunner.TestRunner" name="review" time="9.497"/>
</testsuite> <!-- testRunner.TestRunner -->
